c:\users\usuario\desktop\unisinos\repositórios\repositorio original da professora\pg2021-1\framework-pg\framework-pg\debug\vc142.pdb
c:\users\usuario\desktop\unisinos\repositórios\repositorio original da professora\pg2021-1\framework-pg\framework-pg\debug\vc142.idb
c:\users\usuario\desktop\unisinos\matérias\processamento grafico\gb\lista 01 - gb\tentativa 02\pg2021-1\framework-pg\framework-pg\debug\vc142.pdb
c:\users\usuario\desktop\unisinos\matérias\processamento grafico\gb\lista 01 - gb\tentativa 02\pg2021-1\framework-pg\framework-pg\debug\vc142.idb
c:\users\usuario\desktop\unisinos\repositórios\trabalho gb\repositorio\framework-pg\framework-pg\debug\vc142.pdb
c:\users\usuario\desktop\unisinos\repositórios\trabalho gb\repositorio\framework-pg\framework-pg\debug\vc142.idb
c:\users\usuario\desktop\unisinos\repositórios\trabalho gb\repositorio\framework-pg\framework-pg\debug\stb_image.obj
c:\users\usuario\desktop\unisinos\repositórios\trabalho gb\repositorio\framework-pg\framework-pg\debug\source.obj
c:\users\usuario\desktop\unisinos\repositórios\trabalho gb\repositorio\framework-pg\framework-pg\debug\scenemanager.obj
c:\users\usuario\desktop\unisinos\repositórios\trabalho gb\repositorio\framework-pg\framework-pg\debug\sprite.obj
c:\users\usuario\desktop\unisinos\repositórios\trabalho gb\repositorio\framework-pg\framework-pg\debug\glad.obj
c:\users\usuario\desktop\unisinos\trabalho grau b\em modificação\framework-pg\framework-pg\debug\vc142.pdb
c:\users\usuario\desktop\unisinos\trabalho grau b\em modificação\framework-pg\framework-pg\debug\vc142.idb
c:\users\usuario\desktop\unisinos\trabalho grau b\em modificação\framework-pg\framework-pg\debug\stb_image.obj
c:\users\usuario\desktop\unisinos\trabalho grau b\em modificação\framework-pg\framework-pg\debug\source.obj
c:\users\usuario\desktop\unisinos\trabalho grau b\em modificação\framework-pg\framework-pg\debug\sprite.obj
c:\users\usuario\desktop\unisinos\repositórios\trabalho gb\repositorio\framework-pg\debug\framework-pg.exe
c:\users\usuario\desktop\unisinos\repositórios\trabalho gb\repositorio\framework-pg\debug\framework-pg.ilk
c:\users\usuario\desktop\unisinos\repositórios\trabalho gb\repositorio\framework-pg\debug\framework-pg.pdb
c:\users\usuario\desktop\unisinos\trabalho grau b\em modificação\framework-pg\framework-pg\debug\glad.obj
c:\users\usuario\desktop\unisinos\trabalho grau b\em modificação\framework-pg\framework-pg\debug\scenemanager.obj
c:\users\usuario\desktop\unisinos\trabalho grau b\em modificação\framework-pg\debug\framework-pg.pdb
c:\users\usuario\desktop\unisinos\trabalho grau b\em modificação\framework-pg\debug\framework-pg.exe
c:\users\usuario\desktop\unisinos\trabalho grau b\em modificação\framework-pg\debug\framework-pg.ilk
c:\users\usuario\desktop\unisinos\trabalho grau b\em modificação\framework-pg\framework-pg\debug\framework-pg.tlog\cl.command.1.tlog
c:\users\usuario\desktop\unisinos\trabalho grau b\em modificação\framework-pg\framework-pg\debug\framework-pg.tlog\cl.read.1.tlog
c:\users\usuario\desktop\unisinos\trabalho grau b\em modificação\framework-pg\framework-pg\debug\framework-pg.tlog\cl.write.1.tlog
c:\users\usuario\desktop\unisinos\trabalho grau b\em modificação\framework-pg\framework-pg\debug\framework-pg.tlog\link.command.1.tlog
c:\users\usuario\desktop\unisinos\trabalho grau b\em modificação\framework-pg\framework-pg\debug\framework-pg.tlog\link.read.1.tlog
c:\users\usuario\desktop\unisinos\trabalho grau b\em modificação\framework-pg\framework-pg\debug\framework-pg.tlog\link.write.1.tlog
